10:06:16 | INFO     | apscheduler.scheduler — Adding job tentatively -- it will be properly scheduled when the scheduler starts
10:06:16 | INFO     | apscheduler.scheduler — Added job "check_all_active_alarms" to job store "default"
10:06:16 | INFO     | apscheduler.scheduler — Scheduler started
10:06:16 | INFO     | __main__ — ⏰ Alarm zamanlayıcısı başlatıldı — Her 4 dakikada bir kontrol.
10:06:16 | INFO     | aiogram.dispatcher — Start polling
10:06:16 | INFO     | aiogram.dispatcher — Run polling for bot @TCDD_Tracking_Bot id=8217245772 - 'TCDD Tracking'
10:06:22 | INFO     | aiogram.event — Update id=195948978 is not handled. Duration 18 ms by bot id=8217245772
10:06:22 | ERROR    | aiogram.event — Cause exception while process update id=195948978 by bot id=8217245772
OperationalError: (asyncmy.errors.OperationalError) (1054, "Unknown column 'users.full_name' in 'field list'")
[SQL: SELECT users.id, users.telegram_id, users.username, users.full_name, users.status, users.is_admin, users.created_at 
FROM users 
WHERE users.telegram_id = %s]
[parameters: ('8608401086',)]
(Background on this error at: https://sqlalche.me/e/20/e3q8)
Traceback (most recent call last):
  File "/usr/local/lib/python3.10/dist-packages/sqlalchemy/engine/base.py", line 1960, in _exec_single_context
    self.dialect.do_execute(
  File "/usr/local/lib/python3.10/dist-packages/sqlalchemy/engine/default.py", line 924, in do_execute
    cursor.execute(statement, parameters)
  File "/usr/local/lib/python3.10/dist-packages/sqlalchemy/dialects/mysql/asyncmy.py", line 92, in execute
    return self.await_(self._execute_async(operation, parameters))
  File "/usr/local/lib/python3.10/dist-packages/sqlalchemy/util/_concurrency_py3k.py", line 127, in await_only
    return current.driver.switch(awaitable)  # type: ignore[no-any-return]
  File "/usr/local/lib/python3.10/dist-packages/sqlalchemy/util/_concurrency_py3k.py", line 192, in greenlet_spawn
    value = await result
  File "/usr/local/lib/python3.10/dist-packages/sqlalchemy/dialects/mysql/asyncmy.py", line 104, in _execute_async
    result = await self._cursor.execute(operation, parameters)
  File "asyncmy/cursors.pyx", line 179, in execute
  File "asyncmy/cursors.pyx", line 364, in _query
  File "asyncmy/connection.pyx", line 494, in query
  File "asyncmy/connection.pyx", line 682, in _read_query_result
  File "asyncmy/connection.pyx", line 1069, in read
  File "asyncmy/connection.pyx", line 644, in read_packet
  File "asyncmy/protocol.pyx", line 190, in asyncmy.protocol.MysqlPacket.raise_for_error
  File "asyncmy/protocol.pyx", line 194, in asyncmy.protocol.MysqlPacket.raise_for_error
  File "asyncmy/errors.pyx", line 128, in asyncmy.errors.raise_mysql_exception
  File "asyncmy/errors.pyx", line 137, in asyncmy.errors.raise_mysql_exception
asyncmy.errors.OperationalError: (1054, "Unknown column 'users.full_name' in 'field list'")

The above exception was the direct cause of the following exception:

Traceback (most recent call last):
  File "/usr/local/lib/python3.10/dist-packages/aiogram/dispatcher/dispatcher.py", line 309, in _process_update
    response = await self.feed_update(bot, update, **kwargs)
  File "/usr/local/lib/python3.10/dist-packages/aiogram/dispatcher/dispatcher.py", line 158, in feed_update
    response = await self.update.wrap_outer_middleware(
  File "/usr/local/lib/python3.10/dist-packages/aiogram/dispatcher/middlewares/error.py", line 25, in __call__
    return await handler(event, data)
  File "/usr/local/lib/python3.10/dist-packages/aiogram/dispatcher/middlewares/user_context.py", line 27, in __call__
    return await handler(event, data)
  File "/usr/local/lib/python3.10/dist-packages/aiogram/fsm/middleware.py", line 41, in __call__
    return await handler(event, data)
  File "/usr/local/lib/python3.10/dist-packages/aiogram/dispatcher/event/telegram.py", line 121, in trigger
    return await wrapped_inner(event, kwargs)
  File "/usr/local/lib/python3.10/dist-packages/aiogram/dispatcher/event/handler.py", line 43, in call
    return await wrapped()
  File "/usr/local/lib/python3.10/dist-packages/aiogram/dispatcher/dispatcher.py", line 276, in _listen_update
    return await self.propagate_event(update_type=update_type, event=event, **kwargs)
  File "/usr/local/lib/python3.10/dist-packages/aiogram/dispatcher/router.py", line 128, in propagate_event
    return await observer.wrap_outer_middleware(_wrapped, event=event, data=kwargs)
  File "/usr/local/lib/python3.10/dist-packages/aiogram/dispatcher/router.py", line 123, in _wrapped
    return await self._propagate_event(
  File "/usr/local/lib/python3.10/dist-packages/aiogram/dispatcher/router.py", line 148, in _propagate_event
    response = await observer.trigger(event, **kwargs)
  File "/usr/local/lib/python3.10/dist-packages/aiogram/dispatcher/event/telegram.py", line 121, in trigger
    return await wrapped_inner(event, kwargs)
  File "/usr/local/lib/python3.10/dist-packages/aiogram/dispatcher/event/handler.py", line 43, in call
    return await wrapped()
  File "/app/app/main.py", line 59, in cmd_start
    await get_or_create_user(tg_user)   # DB'ye kaydet (ilk seferde)
  File "/app/app/handlers.py", line 26, in get_or_create_user
    result = await session.execute(
  File "/usr/local/lib/python3.10/dist-packages/sqlalchemy/ext/asyncio/session.py", line 452, in execute
    result = await greenlet_spawn(
  File "/usr/local/lib/python3.10/dist-packages/sqlalchemy/util/_concurrency_py3k.py", line 197, in greenlet_spawn
    result = context.throw(*sys.exc_info())
  File "/usr/local/lib/python3.10/dist-packages/sqlalchemy/orm/session.py", line 2306, in execute
    return self._execute_internal(
  File "/usr/local/lib/python3.10/dist-packages/sqlalchemy/orm/session.py", line 2191, in _execute_internal
    result: Result[Any] = compile_state_cls.orm_execute_statement(
  File "/usr/local/lib/python3.10/dist-packages/sqlalchemy/orm/context.py", line 293, in orm_execute_statement
    result = conn.execute(
  File "/usr/local/lib/python3.10/dist-packages/sqlalchemy/engine/base.py", line 1408, in execute
    return meth(
  File "/usr/local/lib/python3.10/dist-packages/sqlalchemy/sql/elements.py", line 513, in _execute_on_connection
    return connection._execute_clauseelement(
  File "/usr/local/lib/python3.10/dist-packages/sqlalchemy/engine/base.py", line 1630, in _execute_clauseelement
    ret = self._execute_context(
  File "/usr/local/lib/python3.10/dist-packages/sqlalchemy/engine/base.py", line 1839, in _execute_context
    return self._exec_single_context(
  File "/usr/local/lib/python3.10/dist-packages/sqlalchemy/engine/base.py", line 1979, in _exec_single_context
    self._handle_dbapi_exception(
  File "/usr/local/lib/python3.10/dist-packages/sqlalchemy/engine/base.py", line 2335, in _handle_dbapi_exception
    raise sqlalchemy_exception.with_traceback(exc_info[2]) from e
  File "/usr/local/lib/python3.10/dist-packages/sqlalchemy/engine/base.py", line 1960, in _exec_single_context
    self.dialect.do_execute(
  File "/usr/local/lib/python3.10/dist-packages/sqlalchemy/engine/default.py", line 924, in do_execute
    cursor.execute(statement, parameters)
  File "/usr/local/lib/python3.10/dist-packages/sqlalchemy/dialects/mysql/asyncmy.py", line 92, in execute
    return self.await_(self._execute_async(operation, parameters))
  File "/usr/local/lib/python3.10/dist-packages/sqlalchemy/util/_concurrency_py3k.py", line 127, in await_only
    return current.driver.switch(awaitable)  # type: ignore[no-any-return]
  File "/usr/local/lib/python3.10/dist-packages/sqlalchemy/util/_concurrency_py3k.py", line 192, in greenlet_spawn
    value = await result
  File "/usr/local/lib/python3.10/dist-packages/sqlalchemy/dialects/mysql/asyncmy.py", line 104, in _execute_async
    result = await self._cursor.execute(operation, parameters)
  File "asyncmy/cursors.pyx", line 179, in execute
  File "asyncmy/cursors.pyx", line 364, in _query
  File "asyncmy/connection.pyx", line 494, in query
  File "asyncmy/connection.pyx", line 682, in _read_query_result
  File "asyncmy/connection.pyx", line 1069, in read
  File "asyncmy/connection.pyx", line 644, in read_packet
  File "asyncmy/protocol.pyx", line 190, in asyncmy.protocol.MysqlPacket.raise_for_error
  File "asyncmy/protocol.pyx", line 194, in asyncmy.protocol.MysqlPacket.raise_for_error
  File "asyncmy/errors.pyx", line 128, in asyncmy.errors.raise_mysql_exception
  File "asyncmy/errors.pyx", line 137, in asyncmy.errors.raise_mysql_exception
sqlalchemy.exc.OperationalError: (asyncmy.errors.OperationalError) (1054, "Unknown column 'users.full_name' in 'field list'")
[SQL: SELECT users.id, users.telegram_id, users.username, users.full_name, users.status, users.is_admin, users.created_at 
FROM users 
WHERE users.telegram_id = %s]
[parameters: ('8608401086',)]
(Background on this error at: https://sqlalche.me/e/20/e3q8)
10:06:32 | INFO     | aiogram.event — Update id=195948979 is not handled. Duration 2 ms by bot id=8217245772
10:06:32 | ERROR    | aiogram.event — Cause exception while process update id=195948979 by bot id=8217245772
OperationalError: (asyncmy.errors.OperationalError) (1054, "Unknown column 'users.full_name' in 'field list'")
[SQL: SELECT users.id, users.telegram_id, users.username, users.full_name, users.status, users.is_admin, users.created_at 
FROM users 
WHERE users.telegram_id = %s]
[parameters: ('8608401086',)]
(Background on this error at: https://sqlalche.me/e/20/e3q8)
Traceback (most recent call last):
  File "/usr/local/lib/python3.10/dist-packages/sqlalchemy/engine/base.py", line 1960, in _exec_single_context
    self.dialect.do_execute(
  File "/usr/local/lib/python3.10/dist-packages/sqlalchemy/engine/default.py", line 924, in do_execute
    cursor.execute(statement, parameters)
  File "/usr/local/lib/python3.10/dist-packages/sqlalchemy/dialects/mysql/asyncmy.py", line 92, in execute
    return self.await_(self._execute_async(operation, parameters))
  File "/usr/local/lib/python3.10/dist-packages/sqlalchemy/util/_concurrency_py3k.py", line 127, in await_only
    return current.driver.switch(awaitable)  # type: ignore[no-any-return]
  File "/usr/local/lib/python3.10/dist-packages/sqlalchemy/util/_concurrency_py3k.py", line 192, in greenlet_spawn
    value = await result
  File "/usr/local/lib/python3.10/dist-packages/sqlalchemy/dialects/mysql/asyncmy.py", line 104, in _execute_async
    result = await self._cursor.execute(operation, parameters)
  File "asyncmy/cursors.pyx", line 179, in execute
  File "asyncmy/cursors.pyx", line 364, in _query
  File "asyncmy/connection.pyx", line 494, in query
  File "asyncmy/connection.pyx", line 682, in _read_query_result
  File "asyncmy/connection.pyx", line 1069, in read
  File "asyncmy/connection.pyx", line 644, in read_packet
  File "asyncmy/protocol.pyx", line 190, in asyncmy.protocol.MysqlPacket.raise_for_error
  File "asyncmy/protocol.pyx", line 194, in asyncmy.protocol.MysqlPacket.raise_for_error
  File "asyncmy/errors.pyx", line 128, in asyncmy.errors.raise_mysql_exception
  File "asyncmy/errors.pyx", line 137, in asyncmy.errors.raise_mysql_exception
asyncmy.errors.OperationalError: (1054, "Unknown column 'users.full_name' in 'field list'")

The above exception was the direct cause of the following exception:

Traceback (most recent call last):
  File "/usr/local/lib/python3.10/dist-packages/aiogram/dispatcher/dispatcher.py", line 309, in _process_update
    response = await self.feed_update(bot, update, **kwargs)
  File "/usr/local/lib/python3.10/dist-packages/aiogram/dispatcher/dispatcher.py", line 158, in feed_update
    response = await self.update.wrap_outer_middleware(
  File "/usr/local/lib/python3.10/dist-packages/aiogram/dispatcher/middlewares/error.py", line 25, in __call__
    return await handler(event, data)
  File "/usr/local/lib/python3.10/dist-packages/aiogram/dispatcher/middlewares/user_context.py", line 27, in __call__
    return await handler(event, data)
  File "/usr/local/lib/python3.10/dist-packages/aiogram/fsm/middleware.py", line 41, in __call__
    return await handler(event, data)
  File "/usr/local/lib/python3.10/dist-packages/aiogram/dispatcher/event/telegram.py", line 121, in trigger
    return await wrapped_inner(event, kwargs)
  File "/usr/local/lib/python3.10/dist-packages/aiogram/dispatcher/event/handler.py", line 43, in call
    return await wrapped()
  File "/usr/local/lib/python3.10/dist-packages/aiogram/dispatcher/dispatcher.py", line 276, in _listen_update
    return await self.propagate_event(update_type=update_type, event=event, **kwargs)
  File "/usr/local/lib/python3.10/dist-packages/aiogram/dispatcher/router.py", line 128, in propagate_event
    return await observer.wrap_outer_middleware(_wrapped, event=event, data=kwargs)
  File "/usr/local/lib/python3.10/dist-packages/aiogram/dispatcher/router.py", line 123, in _wrapped
    return await self._propagate_event(
  File "/usr/local/lib/python3.10/dist-packages/aiogram/dispatcher/router.py", line 156, in _propagate_event
    response = await router.propagate_event(update_type=update_type, event=event, **kwargs)
  File "/usr/local/lib/python3.10/dist-packages/aiogram/dispatcher/router.py", line 128, in propagate_event
    return await observer.wrap_outer_middleware(_wrapped, event=event, data=kwargs)
  File "/usr/local/lib/python3.10/dist-packages/aiogram/dispatcher/router.py", line 123, in _wrapped
    return await self._propagate_event(
  File "/usr/local/lib/python3.10/dist-packages/aiogram/dispatcher/router.py", line 148, in _propagate_event
    response = await observer.trigger(event, **kwargs)
  File "/usr/local/lib/python3.10/dist-packages/aiogram/dispatcher/event/telegram.py", line 121, in trigger
    return await wrapped_inner(event, kwargs)
  File "/usr/local/lib/python3.10/dist-packages/aiogram/dispatcher/event/handler.py", line 43, in call
    return await wrapped()
  File "/app/app/handlers.py", line 588, in cmd_alarmlar
    ok, _ = await check_access(message)
  File "/app/app/handlers.py", line 60, in check_access
    user = await get_or_create_user(tg_user)
  File "/app/app/handlers.py", line 26, in get_or_create_user
    result = await session.execute(
  File "/usr/local/lib/python3.10/dist-packages/sqlalchemy/ext/asyncio/session.py", line 452, in execute
    result = await greenlet_spawn(
  File "/usr/local/lib/python3.10/dist-packages/sqlalchemy/util/_concurrency_py3k.py", line 197, in greenlet_spawn
    result = context.throw(*sys.exc_info())
  File "/usr/local/lib/python3.10/dist-packages/sqlalchemy/orm/session.py", line 2306, in execute
    return self._execute_internal(
  File "/usr/local/lib/python3.10/dist-packages/sqlalchemy/orm/session.py", line 2191, in _execute_internal
    result: Result[Any] = compile_state_cls.orm_execute_statement(
  File "/usr/local/lib/python3.10/dist-packages/sqlalchemy/orm/context.py", line 293, in orm_execute_statement
    result = conn.execute(
  File "/usr/local/lib/python3.10/dist-packages/sqlalchemy/engine/base.py", line 1408, in execute
    return meth(
  File "/usr/local/lib/python3.10/dist-packages/sqlalchemy/sql/elements.py", line 513, in _execute_on_connection
    return connection._execute_clauseelement(
  File "/usr/local/lib/python3.10/dist-packages/sqlalchemy/engine/base.py", line 1630, in _execute_clauseelement
    ret = self._execute_context(
  File "/usr/local/lib/python3.10/dist-packages/sqlalchemy/engine/base.py", line 1839, in _execute_context
    return self._exec_single_context(
  File "/usr/local/lib/python3.10/dist-packages/sqlalchemy/engine/base.py", line 1979, in _exec_single_context
    self._handle_dbapi_exception(
  File "/usr/local/lib/python3.10/dist-packages/sqlalchemy/engine/base.py", line 2335, in _handle_dbapi_exception
    raise sqlalchemy_exception.with_traceback(exc_info[2]) from e
  File "/usr/local/lib/python3.10/dist-packages/sqlalchemy/engine/base.py", line 1960, in _exec_single_context
    self.dialect.do_execute(
  File "/usr/local/lib/python3.10/dist-packages/sqlalchemy/engine/default.py", line 924, in do_execute
    cursor.execute(statement, parameters)
  File "/usr/local/lib/python3.10/dist-packages/sqlalchemy/dialects/mysql/asyncmy.py", line 92, in execute
    return self.await_(self._execute_async(operation, parameters))
  File "/usr/local/lib/python3.10/dist-packages/sqlalchemy/util/_concurrency_py3k.py", line 127, in await_only
    return current.driver.switch(awaitable)  # type: ignore[no-any-return]
  File "/usr/local/lib/python3.10/dist-packages/sqlalchemy/util/_concurrency_py3k.py", line 192, in greenlet_spawn
    value = await result
  File "/usr/local/lib/python3.10/dist-packages/sqlalchemy/dialects/mysql/asyncmy.py", line 104, in _execute_async
    result = await self._cursor.execute(operation, parameters)
  File "asyncmy/cursors.pyx", line 179, in execute
  File "asyncmy/cursors.pyx", line 364, in _query
  File "asyncmy/connection.pyx", line 494, in query
  File "asyncmy/connection.pyx", line 682, in _read_query_result
  File "asyncmy/connection.pyx", line 1069, in read
  File "asyncmy/connection.pyx", line 644, in read_packet
  File "asyncmy/protocol.pyx", line 190, in asyncmy.protocol.MysqlPacket.raise_for_error
  File "asyncmy/protocol.pyx", line 194, in asyncmy.protocol.MysqlPacket.raise_for_error
  File "asyncmy/errors.pyx", line 128, in asyncmy.errors.raise_mysql_exception
  File "asyncmy/errors.pyx", line 137, in asyncmy.errors.raise_mysql_exception
sqlalchemy.exc.OperationalError: (asyncmy.errors.OperationalError) (1054, "Unknown column 'users.full_name' in 'field list'")
[SQL: SELECT users.id, users.telegram_id, users.username, users.full_name, users.status, users.is_admin, users.created_at 
FROM users 
WHERE users.telegram_id = %s]
[parameters: ('8608401086',)]
(Background on this error at: https://sqlalche.me/e/20/e3q8)
10:06:34 | INFO     | aiogram.event — Update id=195948980 is not handled. Duration 2 ms by bot id=8217245772
10:06:34 | ERROR    | aiogram.event — Cause exception while process update id=195948980 by bot id=8217245772
OperationalError: (asyncmy.errors.OperationalError) (1054, "Unknown column 'users.full_name' in 'field list'")
[SQL: SELECT users.id, users.telegram_id, users.username, users.full_name, users.status, users.is_admin, users.created_at 
FROM users 
WHERE users.telegram_id = %s]
[parameters: ('8608401086',)]
(Background on this error at: https://sqlalche.me/e/20/e3q8)
Traceback (most recent call last):
  File "/usr/local/lib/python3.10/dist-packages/sqlalchemy/engine/base.py", line 1960, in _exec_single_context
    self.dialect.do_execute(
  File "/usr/local/lib/python3.10/dist-packages/sqlalchemy/engine/default.py", line 924, in do_execute
    cursor.execute(statement, parameters)
  File "/usr/local/lib/python3.10/dist-packages/sqlalchemy/dialects/mysql/asyncmy.py", line 92, in execute
    return self.await_(self._execute_async(operation, parameters))
  File "/usr/local/lib/python3.10/dist-packages/sqlalchemy/util/_concurrency_py3k.py", line 127, in await_only
    return current.driver.switch(awaitable)  # type: ignore[no-any-return]
  File "/usr/local/lib/python3.10/dist-packages/sqlalchemy/util/_concurrency_py3k.py", line 192, in greenlet_spawn
    value = await result
  File "/usr/local/lib/python3.10/dist-packages/sqlalchemy/dialects/mysql/asyncmy.py", line 104, in _execute_async
    result = await self._cursor.execute(operation, parameters)
  File "asyncmy/cursors.pyx", line 179, in execute
  File "asyncmy/cursors.pyx", line 364, in _query
  File "asyncmy/connection.pyx", line 494, in query
  File "asyncmy/connection.pyx", line 682, in _read_query_result
  File "asyncmy/connection.pyx", line 1069, in read
  File "asyncmy/connection.pyx", line 644, in read_packet
  File "asyncmy/protocol.pyx", line 190, in asyncmy.protocol.MysqlPacket.raise_for_error
  File "asyncmy/protocol.pyx", line 194, in asyncmy.protocol.MysqlPacket.raise_for_error
  File "asyncmy/errors.pyx", line 128, in asyncmy.errors.raise_mysql_exception
  File "asyncmy/errors.pyx", line 137, in asyncmy.errors.raise_mysql_exception
asyncmy.errors.OperationalError: (1054, "Unknown column 'users.full_name' in 'field list'")

The above exception was the direct cause of the following exception:

Traceback (most recent call last):
  File "/usr/local/lib/python3.10/dist-packages/aiogram/dispatcher/dispatcher.py", line 309, in _process_update
    response = await self.feed_update(bot, update, **kwargs)
  File "/usr/local/lib/python3.10/dist-packages/aiogram/dispatcher/dispatcher.py", line 158, in feed_update
    response = await self.update.wrap_outer_middleware(
  File "/usr/local/lib/python3.10/dist-packages/aiogram/dispatcher/middlewares/error.py", line 25, in __call__
    return await handler(event, data)
  File "/usr/local/lib/python3.10/dist-packages/aiogram/dispatcher/middlewares/user_context.py", line 27, in __call__
    return await handler(event, data)
  File "/usr/local/lib/python3.10/dist-packages/aiogram/fsm/middleware.py", line 41, in __call__
    return await handler(event, data)
  File "/usr/local/lib/python3.10/dist-packages/aiogram/dispatcher/event/telegram.py", line 121, in trigger
    return await wrapped_inner(event, kwargs)
  File "/usr/local/lib/python3.10/dist-packages/aiogram/dispatcher/event/handler.py", line 43, in call
    return await wrapped()
  File "/usr/local/lib/python3.10/dist-packages/aiogram/dispatcher/dispatcher.py", line 276, in _listen_update
    return await self.propagate_event(update_type=update_type, event=event, **kwargs)
  File "/usr/local/lib/python3.10/dist-packages/aiogram/dispatcher/router.py", line 128, in propagate_event
    return await observer.wrap_outer_middleware(_wrapped, event=event, data=kwargs)
  File "/usr/local/lib/python3.10/dist-packages/aiogram/dispatcher/router.py", line 123, in _wrapped
    return await self._propagate_event(
  File "/usr/local/lib/python3.10/dist-packages/aiogram/dispatcher/router.py", line 156, in _propagate_event
    response = await router.propagate_event(update_type=update_type, event=event, **kwargs)
  File "/usr/local/lib/python3.10/dist-packages/aiogram/dispatcher/router.py", line 128, in propagate_event
    return await observer.wrap_outer_middleware(_wrapped, event=event, data=kwargs)
  File "/usr/local/lib/python3.10/dist-packages/aiogram/dispatcher/router.py", line 123, in _wrapped
    return await self._propagate_event(
  File "/usr/local/lib/python3.10/dist-packages/aiogram/dispatcher/router.py", line 148, in _propagate_event
    response = await observer.trigger(event, **kwargs)
  File "/usr/local/lib/python3.10/dist-packages/aiogram/dispatcher/event/telegram.py", line 121, in trigger
    return await wrapped_inner(event, kwargs)
  File "/usr/local/lib/python3.10/dist-packages/aiogram/dispatcher/event/handler.py", line 43, in call
    return await wrapped()
  File "/app/app/handlers.py", line 588, in cmd_alarmlar
    ok, _ = await check_access(message)
  File "/app/app/handlers.py", line 60, in check_access
    user = await get_or_create_user(tg_user)
  File "/app/app/handlers.py", line 26, in get_or_create_user
    result = await session.execute(
  File "/usr/local/lib/python3.10/dist-packages/sqlalchemy/ext/asyncio/session.py", line 452, in execute
    result = await greenlet_spawn(
  File "/usr/local/lib/python3.10/dist-packages/sqlalchemy/util/_concurrency_py3k.py", line 197, in greenlet_spawn
    result = context.throw(*sys.exc_info())
  File "/usr/local/lib/python3.10/dist-packages/sqlalchemy/orm/session.py", line 2306, in execute
    return self._execute_internal(
  File "/usr/local/lib/python3.10/dist-packages/sqlalchemy/orm/session.py", line 2191, in _execute_internal
    result: Result[Any] = compile_state_cls.orm_execute_statement(
  File "/usr/local/lib/python3.10/dist-packages/sqlalchemy/orm/context.py", line 293, in orm_execute_statement
    result = conn.execute(
  File "/usr/local/lib/python3.10/dist-packages/sqlalchemy/engine/base.py", line 1408, in execute
    return meth(
  File "/usr/local/lib/python3.10/dist-packages/sqlalchemy/sql/elements.py", line 513, in _execute_on_connection
    return connection._execute_clauseelement(
  File "/usr/local/lib/python3.10/dist-packages/sqlalchemy/engine/base.py", line 1630, in _execute_clauseelement
    ret = self._execute_context(
  File "/usr/local/lib/python3.10/dist-packages/sqlalchemy/engine/base.py", line 1839, in _execute_context
    return self._exec_single_context(
  File "/usr/local/lib/python3.10/dist-packages/sqlalchemy/engine/base.py", line 1979, in _exec_single_context
    self._handle_dbapi_exception(
  File "/usr/local/lib/python3.10/dist-packages/sqlalchemy/engine/base.py", line 2335, in _handle_dbapi_exception
    raise sqlalchemy_exception.with_traceback(exc_info[2]) from e
  File "/usr/local/lib/python3.10/dist-packages/sqlalchemy/engine/base.py", line 1960, in _exec_single_context
    self.dialect.do_execute(
  File "/usr/local/lib/python3.10/dist-packages/sqlalchemy/engine/default.py", line 924, in do_execute
    cursor.execute(statement, parameters)
  File "/usr/local/lib/python3.10/dist-packages/sqlalchemy/dialects/mysql/asyncmy.py", line 92, in execute
    return self.await_(self._execute_async(operation, parameters))
  File "/usr/local/lib/python3.10/dist-packages/sqlalchemy/util/_concurrency_py3k.py", line 127, in await_only
    return current.driver.switch(awaitable)  # type: ignore[no-any-return]
  File "/usr/local/lib/python3.10/dist-packages/sqlalchemy/util/_concurrency_py3k.py", line 192, in greenlet_spawn
    value = await result
  File "/usr/local/lib/python3.10/dist-packages/sqlalchemy/dialects/mysql/asyncmy.py", line 104, in _execute_async
    result = await self._cursor.execute(operation, parameters)
  File "asyncmy/cursors.pyx", line 179, in execute
  File "asyncmy/cursors.pyx", line 364, in _query
  File "asyncmy/connection.pyx", line 494, in query
  File "asyncmy/connection.pyx", line 682, in _read_query_result
  File "asyncmy/connection.pyx", line 1069, in read
  File "asyncmy/connection.pyx", line 644, in read_packet
  File "asyncmy/protocol.pyx", line 190, in asyncmy.protocol.MysqlPacket.raise_for_error
  File "asyncmy/protocol.pyx", line 194, in asyncmy.protocol.MysqlPacket.raise_for_error
  File "asyncmy/errors.pyx", line 128, in asyncmy.errors.raise_mysql_exception
  File "asyncmy/errors.pyx", line 137, in asyncmy.errors.raise_mysql_exception
sqlalchemy.exc.OperationalError: (asyncmy.errors.OperationalError) (1054, "Unknown column 'users.full_name' in 'field list'")
[SQL: SELECT users.id, users.telegram_id, users.username, users.full_name, users.status, users.is_admin, users.created_at 
FROM users 
WHERE users.telegram_id = %s]
[parameters: ('8608401086',)]
(Background on this error at: https://sqlalche.me/e/20/e3q8)
10:07:01 | INFO     | aiogram.event — Update id=195948981 is not handled. Duration 2 ms by bot id=8217245772
10:07:01 | ERROR    | aiogram.event — Cause exception while process update id=195948981 by bot id=8217245772
OperationalError: (asyncmy.errors.OperationalError) (1054, "Unknown column 'users.full_name' in 'field list'")
[SQL: SELECT users.id, users.telegram_id, users.username, users.full_name, users.status, users.is_admin, users.created_at 
FROM users 
WHERE users.telegram_id = %s]
[parameters: ('8608401086',)]
(Background on this error at: https://sqlalche.me/e/20/e3q8)
Traceback (most recent call last):
  File "/usr/local/lib/python3.10/dist-packages/sqlalchemy/engine/base.py", line 1960, in _exec_single_context
    self.dialect.do_execute(
  File "/usr/local/lib/python3.10/dist-packages/sqlalchemy/engine/default.py", line 924, in do_execute
    cursor.execute(statement, parameters)
  File "/usr/local/lib/python3.10/dist-packages/sqlalchemy/dialects/mysql/asyncmy.py", line 92, in execute
    return self.await_(self._execute_async(operation, parameters))
  File "/usr/local/lib/python3.10/dist-packages/sqlalchemy/util/_concurrency_py3k.py", line 127, in await_only
    return current.driver.switch(awaitable)  # type: ignore[no-any-return]
  File "/usr/local/lib/python3.10/dist-packages/sqlalchemy/util/_concurrency_py3k.py", line 192, in greenlet_spawn
    value = await result
  File "/usr/local/lib/python3.10/dist-packages/sqlalchemy/dialects/mysql/asyncmy.py", line 104, in _execute_async
    result = await self._cursor.execute(operation, parameters)
  File "asyncmy/cursors.pyx", line 179, in execute
  File "asyncmy/cursors.pyx", line 364, in _query
  File "asyncmy/connection.pyx", line 494, in query
  File "asyncmy/connection.pyx", line 682, in _read_query_result
  File "asyncmy/connection.pyx", line 1069, in read
  File "asyncmy/connection.pyx", line 644, in read_packet
  File "asyncmy/protocol.pyx", line 190, in asyncmy.protocol.MysqlPacket.raise_for_error
  File "asyncmy/protocol.pyx", line 194, in asyncmy.protocol.MysqlPacket.raise_for_error
  File "asyncmy/errors.pyx", line 128, in asyncmy.errors.raise_mysql_exception
  File "asyncmy/errors.pyx", line 137, in asyncmy.errors.raise_mysql_exception
asyncmy.errors.OperationalError: (1054, "Unknown column 'users.full_name' in 'field list'")

The above exception was the direct cause of the following exception:

Traceback (most recent call last):
  File "/usr/local/lib/python3.10/dist-packages/aiogram/dispatcher/dispatcher.py", line 309, in _process_update
    response = await self.feed_update(bot, update, **kwargs)
  File "/usr/local/lib/python3.10/dist-packages/aiogram/dispatcher/dispatcher.py", line 158, in feed_update
    response = await self.update.wrap_outer_middleware(
  File "/usr/local/lib/python3.10/dist-packages/aiogram/dispatcher/middlewares/error.py", line 25, in __call__
    return await handler(event, data)
  File "/usr/local/lib/python3.10/dist-packages/aiogram/dispatcher/middlewares/user_context.py", line 27, in __call__
    return await handler(event, data)
  File "/usr/local/lib/python3.10/dist-packages/aiogram/fsm/middleware.py", line 41, in __call__
    return await handler(event, data)
  File "/usr/local/lib/python3.10/dist-packages/aiogram/dispatcher/event/telegram.py", line 121, in trigger
    return await wrapped_inner(event, kwargs)
  File "/usr/local/lib/python3.10/dist-packages/aiogram/dispatcher/event/handler.py", line 43, in call
    return await wrapped()
  File "/usr/local/lib/python3.10/dist-packages/aiogram/dispatcher/dispatcher.py", line 276, in _listen_update
    return await self.propagate_event(update_type=update_type, event=event, **kwargs)
  File "/usr/local/lib/python3.10/dist-packages/aiogram/dispatcher/router.py", line 128, in propagate_event
    return await observer.wrap_outer_middleware(_wrapped, event=event, data=kwargs)
  File "/usr/local/lib/python3.10/dist-packages/aiogram/dispatcher/router.py", line 123, in _wrapped
    return await self._propagate_event(
  File "/usr/local/lib/python3.10/dist-packages/aiogram/dispatcher/router.py", line 156, in _propagate_event
    response = await router.propagate_event(update_type=update_type, event=event, **kwargs)
  File "/usr/local/lib/python3.10/dist-packages/aiogram/dispatcher/router.py", line 128, in propagate_event
    return await observer.wrap_outer_middleware(_wrapped, event=event, data=kwargs)
  File "/usr/local/lib/python3.10/dist-packages/aiogram/dispatcher/router.py", line 123, in _wrapped
    return await self._propagate_event(
  File "/usr/local/lib/python3.10/dist-packages/aiogram/dispatcher/router.py", line 148, in _propagate_event
    response = await observer.trigger(event, **kwargs)
  File "/usr/local/lib/python3.10/dist-packages/aiogram/dispatcher/event/telegram.py", line 121, in trigger
    return await wrapped_inner(event, kwargs)
  File "/usr/local/lib/python3.10/dist-packages/aiogram/dispatcher/event/handler.py", line 43, in call
    return await wrapped()
  File "/app/app/handlers.py", line 588, in cmd_alarmlar
    ok, _ = await check_access(message)
  File "/app/app/handlers.py", line 60, in check_access
    user = await get_or_create_user(tg_user)
  File "/app/app/handlers.py", line 26, in get_or_create_user
    result = await session.execute(
  File "/usr/local/lib/python3.10/dist-packages/sqlalchemy/ext/asyncio/session.py", line 452, in execute
    result = await greenlet_spawn(
  File "/usr/local/lib/python3.10/dist-packages/sqlalchemy/util/_concurrency_py3k.py", line 197, in greenlet_spawn
    result = context.throw(*sys.exc_info())
  File "/usr/local/lib/python3.10/dist-packages/sqlalchemy/orm/session.py", line 2306, in execute
    return self._execute_internal(
  File "/usr/local/lib/python3.10/dist-packages/sqlalchemy/orm/session.py", line 2191, in _execute_internal
    result: Result[Any] = compile_state_cls.orm_execute_statement(
  File "/usr/local/lib/python3.10/dist-packages/sqlalchemy/orm/context.py", line 293, in orm_execute_statement
    result = conn.execute(
  File "/usr/local/lib/python3.10/dist-packages/sqlalchemy/engine/base.py", line 1408, in execute
    return meth(
  File "/usr/local/lib/python3.10/dist-packages/sqlalchemy/sql/elements.py", line 513, in _execute_on_connection
    return connection._execute_clauseelement(
  File "/usr/local/lib/python3.10/dist-packages/sqlalchemy/engine/base.py", line 1630, in _execute_clauseelement
    ret = self._execute_context(
  File "/usr/local/lib/python3.10/dist-packages/sqlalchemy/engine/base.py", line 1839, in _execute_context
    return self._exec_single_context(
  File "/usr/local/lib/python3.10/dist-packages/sqlalchemy/engine/base.py", line 1979, in _exec_single_context
    self._handle_dbapi_exception(
  File "/usr/local/lib/python3.10/dist-packages/sqlalchemy/engine/base.py", line 2335, in _handle_dbapi_exception
    raise sqlalchemy_exception.with_traceback(exc_info[2]) from e
  File "/usr/local/lib/python3.10/dist-packages/sqlalchemy/engine/base.py", line 1960, in _exec_single_context
    self.dialect.do_execute(
  File "/usr/local/lib/python3.10/dist-packages/sqlalchemy/engine/default.py", line 924, in do_execute
    cursor.execute(statement, parameters)
  File "/usr/local/lib/python3.10/dist-packages/sqlalchemy/dialects/mysql/asyncmy.py", line 92, in execute
    return self.await_(self._execute_async(operation, parameters))
  File "/usr/local/lib/python3.10/dist-packages/sqlalchemy/util/_concurrency_py3k.py", line 127, in await_only
    return current.driver.switch(awaitable)  # type: ignore[no-any-return]
  File "/usr/local/lib/python3.10/dist-packages/sqlalchemy/util/_concurrency_py3k.py", line 192, in greenlet_spawn
    value = await result
  File "/usr/local/lib/python3.10/dist-packages/sqlalchemy/dialects/mysql/asyncmy.py", line 104, in _execute_async
    result = await self._cursor.execute(operation, parameters)
  File "asyncmy/cursors.pyx", line 179, in execute
  File "asyncmy/cursors.pyx", line 364, in _query
  File "asyncmy/connection.pyx", line 494, in query
  File "asyncmy/connection.pyx", line 682, in _read_query_result
  File "asyncmy/connection.pyx", line 1069, in read
  File "asyncmy/connection.pyx", line 644, in read_packet
  File "asyncmy/protocol.pyx", line 190, in asyncmy.protocol.MysqlPacket.raise_for_error
  File "asyncmy/protocol.pyx", line 194, in asyncmy.protocol.MysqlPacket.raise_for_error
  File "asyncmy/errors.pyx", line 128, in asyncmy.errors.raise_mysql_exception
  File "asyncmy/errors.pyx", line 137, in asyncmy.errors.raise_mysql_exception
sqlalchemy.exc.OperationalError: (asyncmy.errors.OperationalError) (1054, "Unknown column 'users.full_name' in 'field list'")
[SQL: SELECT users.id, users.telegram_id, users.username, users.full_name, users.status, users.is_admin, users.created_at 
FROM users 
WHERE users.telegram_id = %s]
[parameters: ('8608401086',)]
(Background on this error at: https://sqlalche.me/e/20/e3q8)
10:10:16 | INFO     | apscheduler.executors.default — Running job "check_all_active_alarms (trigger: interval[0:04:00], next run at: 2026-03-29 10:14:16 UTC)" (scheduled at 2026-03-29 10:10:16.047348+00:00)
10:10:16 | INFO     | __main__ — 🔍 1 aktif alarm kontrol ediliyor...
10:10:16 | INFO     | scraper — 📡 Sorgu: ERYAMAN YHT → ANKARA GAR | 30.03.2026 | 1 alarm, max 1 yolcu
10:10:16 | INFO     | scraper — 🌐 Token yenileniyor — Playwright başlatılıyor...
10:10:22 | INFO     | scraper — ✅ Yeni token alındı — 55 dakika geçerli. Sona erecek: 11:05:22
10:10:22 | ERROR    | scraper — ❌ API Hatası: HTTP 400 | ERYAMAN YHT→ANKARA GAR 30.03.2026
10:10:28 | INFO     | apscheduler.executors.default — Job "check_all_active_alarms (trigger: interval[0:04:00], next run at: 2026-03-29 10:14:16 UTC)" executed successfully
10:10:35 | WARNING  | aiogram.dispatcher — Received SIGTERM signal
10:10:35 | INFO     | aiogram.dispatcher — Polling stopped for bot @TCDD_Tracking_Bot id=8217245772 - 'TCDD Tracking'
10:10:35 | INFO     | aiogram.dispatcher — Polling stopped
10:10:38 | INFO     | apscheduler.scheduler — Adding job tentatively -- it will be properly scheduled when the scheduler starts
10:10:38 | INFO     | apscheduler.scheduler — Added job "check_all_active_alarms" to job store "default"
10:10:38 | INFO     | apscheduler.scheduler — Scheduler started
10:10:38 | INFO     | __main__ — ⏰ Alarm zamanlayıcısı başlatıldı — Her 4 dakikada bir kontrol.
10:10:38 | INFO     | aiogram.dispatcher — Start polling
10:10:39 | INFO     | aiogram.dispatcher — Run polling for bot @TCDD_Tracking_Bot id=8217245772 - 'TCDD Tracking'
10:12:04 | INFO     | aiogram.event — Update id=195948982 is handled. Duration 262 ms by bot id=8217245772
10:12:10 | INFO     | aiogram.event — Update id=195948983 is handled. Duration 94 ms by bot id=8217245772
10:12:36 | INFO     | aiogram.event — Update id=195948984 is not handled. Duration 1 ms by bot id=8217245772
10:12:46 | INFO     | aiogram.event — Update id=195948985 is handled. Duration 215 ms by bot id=8217245772
10:12:51 | INFO     | aiogram.event — Update id=195948986 is handled. Duration 99 ms by bot id=8217245772
10:13:14 | INFO     | aiogram.event — Update id=195948987 is not handled. Duration 0 ms by bot id=8217245772
10:13:43 | INFO     | aiogram.event — Update id=195948988 is handled. Duration 208 ms by bot id=8217245772
10:14:38 | INFO     | apscheduler.executors.default — Running job "check_all_active_alarms (trigger: interval[0:04:00], next run at: 2026-03-29 10:18:38 UTC)" (scheduled at 2026-03-29 10:14:38.761971+00:00)
10:14:38 | INFO     | __main__ — 🔍 1 aktif alarm kontrol ediliyor...
10:14:38 | INFO     | scraper — 📡 Sorgu: ERYAMAN YHT → ANKARA GAR | 30.03.2026 | 1 alarm, max 1 yolcu
10:14:38 | INFO     | scraper — 🌐 Token yenileniyor — Playwright başlatılıyor...
10:14:43 | INFO     | scraper — ✅ Yeni token alındı — 55 dakika geçerli. Sona erecek: 11:09:43
10:14:43 | ERROR    | scraper — ❌ API Hatası: HTTP 400 | ERYAMAN YHT→ANKARA GAR 30.03.2026
10:14:49 | INFO     | apscheduler.executors.default — Job "check_all_active_alarms (trigger: interval[0:04:00], next run at: 2026-03-29 10:18:38 UTC)" executed successfully
10:17:08 | WARNING  | aiogram.dispatcher — Received SIGTERM signal
10:17:08 | INFO     | aiogram.dispatcher — Polling stopped for bot @TCDD_Tracking_Bot id=8217245772 - 'TCDD Tracking'
10:17:08 | INFO     | aiogram.dispatcher — Polling stopped
10:17:11 | INFO     | apscheduler.scheduler — Adding job tentatively -- it will be properly scheduled when the scheduler starts
10:17:11 | INFO     | apscheduler.scheduler — Added job "check_all_active_alarms" to job store "default"
10:17:11 | INFO     | apscheduler.scheduler — Scheduler started
10:17:11 | INFO     | __main__ — ⏰ Alarm zamanlayıcısı başlatıldı — Her 4 dakikada bir kontrol.
10:17:11 | INFO     | aiogram.dispatcher — Start polling
10:17:11 | INFO     | aiogram.dispatcher — Run polling for bot @TCDD_Tracking_Bot id=8217245772 - 'TCDD Tracking'
